<?xml version="1.0" encoding="UTF-8"?>
<testsuite name="com.retail.catalogservice.api.controllers.CatalogControllerTest" tests="1" skipped="0" failures="0" errors="0" timestamp="2025-11-20T04:20:15.947Z" hostname="Anujs-MacBook-Air.local" time="0.049">
  <properties/>
  <testcase name="getAll_returnsProducts()" classname="com.retail.catalogservice.api.controllers.CatalogControllerTest" time="0.049"/>
  <system-out><![CDATA[09:50:15.026 [Test worker] INFO org.springframework.test.context.support.AnnotationConfigContextLoaderUtils -- Could not detect default configuration classes for test class [com.retail.catalogservice.api.controllers.CatalogControllerTest]: CatalogControllerTest does not declare any static, non-private, non-final, nested classes annotated with @Configuration.
09:50:15.070 [Test worker] INFO org.springframework.boot.test.context.SpringBootTestContextBootstrapper -- Found @SpringBootConfiguration com.retail.catalogservice.CatalogServiceApplication for test class com.retail.catalogservice.api.controllers.CatalogControllerTest

  .   ____          _            __ _ _
 /\\ / ___'_ __ _ _(_)_ __  __ _ \ \ \ \
( ( )\___ | '_ | '_| | '_ \/ _` | \ \ \ \
 \\/  ___)| |_)| | | | | || (_| |  ) ) ) )
  '  |____| .__|_| |_|_| |_\__, | / / / /
 =========|_|==============|___/=/_/_/_/

 :: Spring Boot ::                (v3.3.3)

2025-11-20T09:50:15.178+05:30  INFO 41464 --- [    Test worker] c.r.c.a.c.CatalogControllerTest          : Starting CatalogControllerTest using Java 21.0.7 with PID 41464 (started by anujmittal in /Users/anujmittal/Desktop/BackendServices/catalog-service)
2025-11-20T09:50:15.179+05:30  INFO 41464 --- [    Test worker] c.r.c.a.c.CatalogControllerTest          : No active profile set, falling back to 1 default profile: "default"
2025-11-20T09:50:15.930+05:30  INFO 41464 --- [    Test worker] o.s.b.t.m.w.SpringBootMockServletContext : Initializing Spring TestDispatcherServlet ''
2025-11-20T09:50:15.930+05:30  INFO 41464 --- [    Test worker] o.s.t.web.servlet.TestDispatcherServlet  : Initializing Servlet ''
2025-11-20T09:50:15.931+05:30  INFO 41464 --- [    Test worker] o.s.t.web.servlet.TestDispatcherServlet  : Completed initialization in 0 ms
2025-11-20T09:50:15.942+05:30  INFO 41464 --- [    Test worker] c.r.c.a.c.CatalogControllerTest          : Started CatalogControllerTest in 0.848 seconds (process running for 1.2)
]]></system-out>
  <system-err><![CDATA[WARNING: A Java agent has been loaded dynamically (/Users/anujmittal/.gradle/caches/modules-2/files-2.1/net.bytebuddy/byte-buddy-agent/1.14.19/154da3a65b4f4a909d3e5bdec55d1b2b4cbb6ce1/byte-buddy-agent-1.14.19.jar)
WARNING: If a serviceability tool is in use, please run with -XX:+EnableDynamicAgentLoading to hide this warning
WARNING: If a serviceability tool is not in use, please run with -Djdk.instrument.traceUsage for more information
WARNING: Dynamic loading of agents will be disallowed by default in a future release
]]></system-err>
</testsuite>
