<?xml version="1.0" encoding="UTF-8"?>
<testsuite name="com.retail.catalog.api.controllers.CatalogControllerTest" tests="1" skipped="0" failures="0" errors="0" timestamp="2026-01-03T10:32:24.240Z" hostname="PRAVEEN" time="0.163">
  <properties/>
  <testcase name="getAll_returnsProducts()" classname="com.retail.catalog.api.controllers.CatalogControllerTest" time="0.163"/>
  <system-out><![CDATA[16:02:21.797 [Test worker] INFO org.springframework.test.context.support.AnnotationConfigContextLoaderUtils -- Could not detect default configuration classes for test class [com.retail.catalog.api.controllers.CatalogControllerTest]: CatalogControllerTest does not declare any static, non-private, non-final, nested classes annotated with @Configuration.
16:02:21.937 [Test worker] INFO org.springframework.boot.test.context.SpringBootTestContextBootstrapper -- Found @SpringBootConfiguration com.retail.catalog.CatalogServiceApplication for test class com.retail.catalog.api.controllers.CatalogControllerTest

  .   ____          _            __ _ _
 /\\ / ___'_ __ _ _(_)_ __  __ _ \ \ \ \
( ( )\___ | '_ | '_| | '_ \/ _` | \ \ \ \
 \\/  ___)| |_)| | | | | || (_| |  ) ) ) )
  '  |____| .__|_| |_|_| |_\__, | / / / /
 =========|_|==============|___/=/_/_/_/

 :: Spring Boot ::                (v3.3.3)

2026-01-03T16:02:22.312+05:30  INFO 29952 --- [    Test worker] c.r.c.a.c.CatalogControllerTest          : Starting CatalogControllerTest using Java 21.0.9 with PID 29952 (started by Praveen in C:\Users\Praveen VideshPandey\IdeaProjects\eShopCart\BackendServices\catalog-service)
2026-01-03T16:02:22.312+05:30  INFO 29952 --- [    Test worker] c.r.c.a.c.CatalogControllerTest          : No active profile set, falling back to 1 default profile: "default"
2026-01-03T16:02:24.135+05:30  INFO 29952 --- [    Test worker] o.s.b.t.m.w.SpringBootMockServletContext : Initializing Spring TestDispatcherServlet ''
2026-01-03T16:02:24.135+05:30  INFO 29952 --- [    Test worker] o.s.t.web.servlet.TestDispatcherServlet  : Initializing Servlet ''
2026-01-03T16:02:24.135+05:30  INFO 29952 --- [    Test worker] o.s.t.web.servlet.TestDispatcherServlet  : Completed initialization in 0 ms
2026-01-03T16:02:24.231+05:30  INFO 29952 --- [    Test worker] c.r.c.a.c.CatalogControllerTest          : Started CatalogControllerTest in 2.134 seconds (process running for 3.31)
]]></system-out>
  <system-err><![CDATA[WARNING: A Java agent has been loaded dynamically (C:\Users\Praveen VideshPandey\.gradle\caches\modules-2\files-2.1\net.bytebuddy\byte-buddy-agent\1.14.19\154da3a65b4f4a909d3e5bdec55d1b2b4cbb6ce1\byte-buddy-agent-1.14.19.jar)
WARNING: If a serviceability tool is in use, please run with -XX:+EnableDynamicAgentLoading to hide this warning
WARNING: If a serviceability tool is not in use, please run with -Djdk.instrument.traceUsage for more information
WARNING: Dynamic loading of agents will be disallowed by default in a future release
]]></system-err>
</testsuite>
